[INFO] Scanning for projects...
[INFO] ------------------------------------------------------------------------
[INFO] Reactor Build Order:
[INFO] 
[INFO] heroes-bundle                                                      [pom]
[INFO] hero-common                                                        [jar]
[INFO] battle-model                                                       [jar]
[INFO] economy-model                                                      [jar]
[INFO] battle-gui                                                         [jar]
[INFO] economy-gui                                                        [jar]
[INFO] 
[INFO] ------------------------< pl.sdk:heroes-bundle >------------------------
[INFO] Building heroes-bundle 1.0.0-SNAPSHOT                              [1/6]
[INFO] --------------------------------[ pom ]---------------------------------
[INFO] 
[INFO] --- maven-dependency-plugin:2.8:tree (default-cli) @ heroes-bundle ---
[INFO] pl.sdk:heroes-bundle:pom:1.0.0-SNAPSHOT
[INFO] 
[INFO] -------------------------< pl.sdk:hero-common >-------------------------
[INFO] Building hero-common 1.0.0-SNAPSHOT                                [2/6]
[INFO] --------------------------------[ jar ]---------------------------------
[INFO] 
[INFO] --- maven-dependency-plugin:2.8:tree (default-cli) @ hero-common ---
[INFO] pl.sdk:hero-common:jar:1.0.0-SNAPSHOT
[INFO] \- com.google.guava:guava:jar:30.0-jre:compile
[INFO]    +- com.google.guava:failureaccess:jar:1.0.1:compile
[INFO]    +- com.google.guava:listenablefuture:jar:9999.0-empty-to-avoid-conflict-with-guava:compile
[INFO]    +- com.google.code.findbugs:jsr305:jar:3.0.2:compile
[INFO]    +- org.checkerframework:checker-qual:jar:3.5.0:compile
[INFO]    +- com.google.errorprone:error_prone_annotations:jar:2.3.4:compile
[INFO]    \- com.google.j2objc:j2objc-annotations:jar:1.3:compile
[INFO] 
[INFO] ------------------------< pl.sdk:battle-model >-------------------------
[INFO] Building battle-model 1.0.0-SNAPSHOT                               [3/6]
[INFO] --------------------------------[ jar ]---------------------------------
[INFO] 
[INFO] --- maven-dependency-plugin:2.8:tree (default-cli) @ battle-model ---
[INFO] pl.sdk:battle-model:jar:1.0.0-SNAPSHOT
[INFO] +- org.junit.jupiter:junit-jupiter-api:jar:5.4.0:test
[INFO] |  +- org.apiguardian:apiguardian-api:jar:1.0.0:test
[INFO] |  +- org.opentest4j:opentest4j:jar:1.1.1:test
[INFO] |  \- org.junit.platform:junit-platform-commons:jar:1.4.0:test
[INFO] +- com.google.guava:guava:jar:30.0-jre:compile
[INFO] |  +- com.google.guava:failureaccess:jar:1.0.1:compile
[INFO] |  +- com.google.guava:listenablefuture:jar:9999.0-empty-to-avoid-conflict-with-guava:compile
[INFO] |  +- com.google.code.findbugs:jsr305:jar:3.0.2:compile
[INFO] |  +- org.checkerframework:checker-qual:jar:3.5.0:compile
[INFO] |  +- com.google.errorprone:error_prone_annotations:jar:2.3.4:compile
[INFO] |  \- com.google.j2objc:j2objc-annotations:jar:1.3:compile
[INFO] +- org.mockito:mockito-core:jar:2.21.0:test
[INFO] |  +- net.bytebuddy:byte-buddy:jar:1.8.15:test
[INFO] |  +- net.bytebuddy:byte-buddy-agent:jar:1.8.15:test
[INFO] |  \- org.objenesis:objenesis:jar:2.6:test
[INFO] \- pl.sdk:hero-common:jar:1.0.0-SNAPSHOT:compile
[INFO] 
[INFO] ------------------------< pl.sdk:economy-model >------------------------
[INFO] Building economy-model 1.0.0-SNAPSHOT                              [4/6]
[INFO] --------------------------------[ jar ]---------------------------------
[INFO] 
[INFO] --- maven-dependency-plugin:2.8:tree (default-cli) @ economy-model ---
[INFO] pl.sdk:economy-model:jar:1.0.0-SNAPSHOT
[INFO] +- org.junit.jupiter:junit-jupiter-api:jar:5.4.0:test
[INFO] |  +- org.apiguardian:apiguardian-api:jar:1.0.0:test
[INFO] |  +- org.opentest4j:opentest4j:jar:1.1.1:test
[INFO] |  \- org.junit.platform:junit-platform-commons:jar:1.4.0:test
[INFO] +- pl.sdk:battle-model:jar:1.0.0-SNAPSHOT:compile
[INFO] |  \- com.google.guava:guava:jar:30.0-jre:compile
[INFO] |     +- com.google.guava:failureaccess:jar:1.0.1:compile
[INFO] |     +- com.google.guava:listenablefuture:jar:9999.0-empty-to-avoid-conflict-with-guava:compile
[INFO] |     +- com.google.code.findbugs:jsr305:jar:3.0.2:compile
[INFO] |     +- org.checkerframework:checker-qual:jar:3.5.0:compile
[INFO] |     +- com.google.errorprone:error_prone_annotations:jar:2.3.4:compile
[INFO] |     \- com.google.j2objc:j2objc-annotations:jar:1.3:compile
[INFO] \- pl.sdk:hero-common:jar:1.0.0-SNAPSHOT:compile
[INFO] 
[INFO] -------------------------< pl.sdk:battle-gui >--------------------------
[INFO] Building battle-gui 1.0.0-SNAPSHOT                                 [5/6]
[INFO] --------------------------------[ jar ]---------------------------------
[INFO] 
[INFO] --- maven-dependency-plugin:2.8:tree (default-cli) @ battle-gui ---
[INFO] pl.sdk:battle-gui:jar:1.0.0-SNAPSHOT
[INFO] +- org.openjfx:javafx-controls:jar:11-ea+25:compile
[INFO] |  +- org.openjfx:javafx-controls:jar:win:11-ea+25:compile
[INFO] |  \- org.openjfx:javafx-graphics:jar:11-ea+25:compile
[INFO] |     +- org.openjfx:javafx-graphics:jar:win:11-ea+25:compile
[INFO] |     \- org.openjfx:javafx-base:jar:11-ea+25:compile
[INFO] |        \- org.openjfx:javafx-base:jar:win:11-ea+25:compile
[INFO] +- org.openjfx:javafx-fxml:jar:11-ea+25:compile
[INFO] |  \- org.openjfx:javafx-fxml:jar:win:11-ea+25:compile
[INFO] \- pl.sdk:battle-model:jar:1.0.0-SNAPSHOT:compile
[INFO]    \- com.google.guava:guava:jar:30.0-jre:compile
[INFO]       +- com.google.guava:failureaccess:jar:1.0.1:compile
[INFO]       +- com.google.guava:listenablefuture:jar:9999.0-empty-to-avoid-conflict-with-guava:compile
[INFO]       +- com.google.code.findbugs:jsr305:jar:3.0.2:compile
[INFO]       +- org.checkerframework:checker-qual:jar:3.5.0:compile
[INFO]       +- com.google.errorprone:error_prone_annotations:jar:2.3.4:compile
[INFO]       \- com.google.j2objc:j2objc-annotations:jar:1.3:compile
[INFO] 
[INFO] -------------------------< pl.sdk:economy-gui >-------------------------
[INFO] Building economy-gui 1.0.0-SNAPSHOT                                [6/6]
[INFO] --------------------------------[ jar ]---------------------------------
[INFO] 
[INFO] --- maven-dependency-plugin:2.8:tree (default-cli) @ economy-gui ---
[INFO] pl.sdk:economy-gui:jar:1.0.0-SNAPSHOT
[INFO] +- org.openjfx:javafx-controls:jar:11-ea+25:compile
[INFO] |  +- org.openjfx:javafx-controls:jar:win:11-ea+25:compile
[INFO] |  \- org.openjfx:javafx-graphics:jar:11-ea+25:compile
[INFO] |     +- org.openjfx:javafx-graphics:jar:win:11-ea+25:compile
[INFO] |     \- org.openjfx:javafx-base:jar:11-ea+25:compile
[INFO] |        \- org.openjfx:javafx-base:jar:win:11-ea+25:compile
[INFO] +- org.openjfx:javafx-fxml:jar:11-ea+25:compile
[INFO] |  \- org.openjfx:javafx-fxml:jar:win:11-ea+25:compile
[INFO] +- pl.sdk:economy-model:jar:1.0.0-SNAPSHOT:compile
[INFO] \- pl.sdk:battle-gui:jar:1.0.0-SNAPSHOT:compile
[INFO] ------------------------------------------------------------------------
[INFO] Reactor Summary for heroes-bundle 1.0.0-SNAPSHOT:
[INFO] 
[INFO] heroes-bundle ...................................... SUCCESS [  3.073 s]
[INFO] hero-common ........................................ SUCCESS [  0.082 s]
[INFO] battle-model ....................................... SUCCESS [  0.095 s]
[INFO] economy-model ...................................... SUCCESS [  0.050 s]
[INFO] battle-gui ......................................... SUCCESS [  0.078 s]
[INFO] economy-gui ........................................ SUCCESS [  0.045 s]
[INFO] ------------------------------------------------------------------------
[INFO] BUILD SUCCESS
[INFO] ------------------------------------------------------------------------
[INFO] Total time:  3.804 s
[INFO] Finished at: 2021-10-18T20:10:37+02:00
[INFO] ------------------------------------------------------------------------
